[debug] [2019-09-17T06:59:15.509Z] ----------------------------------------------------------------------
[debug] [2019-09-17T06:59:15.512Z] Command:       C:\Program Files\nodejs\node.exe C:\Users\iamjigz\AppData\Roaming\npm\node_modules\firebase-tools\lib\bin\firebase.js deploy --only functions
[debug] [2019-09-17T06:59:15.513Z] CLI Version:   7.2.2
[debug] [2019-09-17T06:59:15.513Z] Platform:      win32
[debug] [2019-09-17T06:59:15.513Z] Node Version:  v12.2.0
[debug] [2019-09-17T06:59:15.514Z] Time:          Tue Sep 17 2019 14:59:15 GMT+0800 (Singapore Standard Time)
[debug] [2019-09-17T06:59:15.515Z] ----------------------------------------------------------------------
[debug] 
[debug] [2019-09-17T06:59:15.530Z] > command requires scopes: ["email","openid","https://www.googleapis.com/auth/cloudplatformprojects.readonly","https://www.googleapis.com/auth/firebase","https://www.googleapis.com/auth/cloud-platform"]
[debug] [2019-09-17T06:59:15.532Z] > authorizing via signed-in user
[debug] [2019-09-17T06:59:15.532Z] [iam] checking project michpos-6ad8b for permissions ["cloudfunctions.functions.create","cloudfunctions.functions.delete","cloudfunctions.functions.get","cloudfunctions.functions.list","cloudfunctions.functions.update","cloudfunctions.operations.get","firebase.projects.get"]
[debug] [2019-09-17T06:59:15.535Z] >>> HTTP REQUEST POST https://cloudresourcemanager.googleapis.com/v1/projects/michpos-6ad8b:testIamPermissions  

[debug] [2019-09-17T06:59:16.562Z] <<< HTTP RESPONSE 200
[info] 
[info] === Deploying to 'michpos-6ad8b'...
[info] 
[info] i  deploying functions
[info] Running command: npm --prefix "$RESOURCE_DIR" run lint
[info] +  functions: Finished running predeploy script.
[debug] [2019-09-17T06:59:23.598Z] > [functions] package.json contents: {
  "name": "functions",
  "description": "Cloud Functions for Firebase",
  "scripts": {
    "lint": "eslint .",
    "serve": "firebase serve --only functions",
    "shell": "firebase functions:shell",
    "start": "npm run shell",
    "deploy": "firebase deploy --only functions",
    "logs": "firebase functions:log"
  },
  "engines": {
    "node": "8"
  },
  "dependencies": {
    "firebase-admin": "^8.0.0",
    "firebase-functions": "^3.1.0"
  },
  "devDependencies": {
    "eslint": "^5.12.0",
    "eslint-plugin-promise": "^4.0.1",
    "firebase-functions-test": "^0.1.6"
  },
  "private": true
}
[info] i  functions: ensuring necessary APIs are enabled...
[debug] [2019-09-17T06:59:23.600Z] >>> HTTP REQUEST GET https://serviceusage.googleapis.com/v1/projects/michpos-6ad8b/services/cloudfunctions.googleapis.com  
 
[debug] [2019-09-17T06:59:23.601Z] >>> HTTP REQUEST GET https://serviceusage.googleapis.com/v1/projects/michpos-6ad8b/services/runtimeconfig.googleapis.com  
 
[debug] [2019-09-17T06:59:24.875Z] <<< HTTP RESPONSE 200
[debug] [2019-09-17T06:59:24.913Z] <<< HTTP RESPONSE 200
[info] +  functions: all necessary APIs are enabled
[debug] [2019-09-17T06:59:24.915Z] >>> HTTP REQUEST GET https://firebase.googleapis.com/v1beta1/projects/michpos-6ad8b/adminSdkConfig  
 
[debug] [2019-09-17T06:59:25.573Z] <<< HTTP RESPONSE 200
[info] i  functions: preparing functions directory for uploading...
[debug] [2019-09-17T06:59:25.578Z] >>> HTTP REQUEST GET https://runtimeconfig.googleapis.com/v1beta1/projects/michpos-6ad8b/configs  
 
[debug] [2019-09-17T06:59:25.951Z] <<< HTTP RESPONSE 200
[info] i  functions: packaged functions (35.97 KB) for uploading
[debug] [2019-09-17T06:59:26.339Z] >>> HTTP REQUEST POST https://cloudfunctions.googleapis.com/v1/projects/michpos-6ad8b/locations/us-central1/functions:generateUploadUrl  
 
[debug] [2019-09-17T06:59:27.002Z] <<< HTTP RESPONSE 200
[debug] [2019-09-17T06:59:27.003Z] >>> HTTP REQUEST PUT https://storage.googleapis.com/gcf-upload-us-central1-d3f44b39-1d17-42b8-a281-1d1bd2975f49/d3e33cc0-df2f-490e-93fe-8eaefc0bb479.zip?GoogleAccessId=service-958177901320@gcf-admin-robot.iam.gserviceaccount.com&Expires=1568705368&Signature=oMv76%2BWy8VHvHlH2gE72kewh4itox3Y4wUDSX0b3OTRhajTD5HhIl0MyZMzsER07T4jk%2Bh6J4fD6y0BBuLyMFzEfZ3Z8%2BKqTyDLhpV11BFDEfka%2BjHiTzCqly8lWHnOaitpYPEUs98Caz8XNi6dmEDUOZjzpPXrW4BJ0JdoCXxAZA8qTAJDEmcEq49BQFj29xEze52Ij3DqC8vvEIYFY50r%2B9JjZn2Y1xtWTxtScoD%2FYy6XYkGVE5AqH0LiYDEjPfdGNfWnv8qwZ%2F3ZXgWCSq2z5wAQ64hV6lTUYugtryjvYWcqPe5K2vjCeTJbGr%2Br5P6DvRZGtkVXS%2FY7cPsSRLg%3D%3D  
 <request body omitted>
[debug] [2019-09-17T06:59:27.428Z] <<< HTTP RESPONSE 200
[info] +  functions: functions folder uploaded successfully
[debug] [2019-09-17T06:59:27.432Z] >>> HTTP REQUEST GET https://cloudfunctions.googleapis.com/v1/projects/michpos-6ad8b/locations/-/functions  
 
[debug] [2019-09-17T06:59:27.869Z] <<< HTTP RESPONSE 200
[info] i  functions: creating Node.js 8 function onInventoryAdd(us-central1)...
[debug] [2019-09-17T06:59:27.872Z] Trigger is:  {"eventTrigger":{"resource":"projects/michpos-6ad8b/databases/(default)/documents/inventory/{ref}","eventType":"providers/cloud.firestore/eventTypes/document.create","service":"firestore.googleapis.com"}}
[info] 
The following functions are found in your project but do not exist in your local source code:
	aggregateStock(us-central1)
	onTransactionAdd(us-central1)

If you are renaming a function or changing its region, it is recommended that you create the new function first before deleting the old one to prevent event loss. For more info, visit https://firebase.google.com/docs/functions/manage-functions#modify

